<?xml version="1.0" encoding="UTF-8"?>
<!-- Generated by org.testng.reporters.JUnitXMLReporter -->
<testsuite hostname="BALAJI" name="fdjkgdjfgjldfj54352345" tests="1" failures="1" timestamp="23 Feb 2017 11:47:08 GMT" time="0.75" errors="0">
  <testcase name="creatingView" time="0.73" classname="com.web.tests.VIEWS.ViewsTest">
    <failure type="java.lang.NullPointerException">
      <![CDATA[java.lang.NullPointerException
	at com.web.modules.VIEWS.ViewsPage.clickOnViewsLink(ViewsPage.java:56)
	at com.web.modules.VIEWS.ViewsPage.createView(ViewsPage.java:44)
	at com.web.tests.VIEWS.ViewsTest.creatingView(ViewsTest.java:142)
... Removed 24 stack frames]]>
    </failure>
  </testcase> <!-- creatingView -->
</testsuite> <!-- fdjkgdjfgjldfj54352345 -->
