<?xml version="1.0" encoding="UTF-8"?>
<!-- Generated by org.testng.reporters.JUnitXMLReporter -->
<testsuite hostname="PURUSHOTHAM" name="fdjkgdjfgjldfj" tests="2" failures="2" timestamp="27 Feb 2017 06:53:55 GMT" time="0.095" errors="0">
  <testcase name="invalidLoginDataValidation" time="0.019" classname="com.web.tests.LoginTest.LoginTest">
    <failure type="java.lang.NullPointerException">
      <![CDATA[java.lang.NullPointerException
	at com.web.tests.LoginTest.LoginTest.invalidLoginDataValidation(LoginTest.java:125)
... Removed 24 stack frames]]>
    </failure>
  </testcase> <!-- invalidLoginDataValidation -->
  <testcase name="creatingView" time="0.008" classname="com.web.tests.LoginTest.LoginTest">
    <failure type="java.lang.NullPointerException">
      <![CDATA[java.lang.NullPointerException
	at com.web.tests.LoginTest.LoginTest.creatingView(LoginTest.java:184)
... Removed 24 stack frames]]>
    </failure>
  </testcase> <!-- creatingView -->
</testsuite> <!-- fdjkgdjfgjldfj -->
